This is pdfTeX, Version 3.141592653-2.6-1.40.26 (MiKTeX 24.4) (preloaded format=pdflatex 2024.12.1)  1 DEC 2024 21:12
entering extended mode
 restricted \write18 enabled.
 file:line:error style messages enabled.
 %&-line parsing enabled.
**c:/Users/nilsr/Documents/AffarsProjektet/etsf25/main.tex
(c:/Users/nilsr/Documents/AffarsProjektet/etsf25/main.tex
LaTeX2e <2024-11-01>
L3 programming layer <2024-11-02>
(C:\Users\nilsr\AppData\Local\Programs\MiKTeX\tex/latex/base\article.cls
Document Class: article 2024/06/29 v1.4n Standard LaTeX document class
(C:\Users\nilsr\AppData\Local\Programs\MiKTeX\tex/latex/base\size10.clo
File: size10.clo 2024/06/29 v1.4n Standard LaTeX file (size option)
)
\c@part=\count196
\c@section=\count197
\c@subsection=\count198
\c@subsubsection=\count199
\c@paragraph=\count266
\c@subparagraph=\count267
\c@figure=\count268
\c@table=\count269
\abovecaptionskip=\skip49
\belowcaptionskip=\skip50
\bibindent=\dimen141
) (C:\Users\nilsr\AppData\Local\Programs\MiKTeX\tex/latex/graphics\graphicx.sty
Package: graphicx 2021/09/16 v1.2d Enhanced LaTeX Graphics (DPC,SPQR)
 (C:\Users\nilsr\AppData\Local\Programs\MiKTeX\tex/latex/graphics\keyval.sty
Package: keyval 2022/05/29 v1.15 key=value parser (DPC)
\KV@toks@=\toks17
) (C:\Users\nilsr\AppData\Local\Programs\MiKTeX\tex/latex/graphics\graphics.sty
Package: graphics 2024/08/06 v1.4g Standard LaTeX Graphics (DPC,SPQR)
 (C:\Users\nilsr\AppData\Local\Programs\MiKTeX\tex/latex/graphics\trig.sty
Package: trig 2023/12/02 v1.11 sin cos tan (DPC)
) (C:\Users\nilsr\AppData\Local\Programs\MiKTeX\tex/latex/graphics-cfg\graphics.cfg
File: graphics.cfg 2016/06/04 v1.11 sample graphics configuration
)
Package graphics Info: Driver file: pdftex.def on input line 106.
 (C:\Users\nilsr\AppData\Local\Programs\MiKTeX\tex/latex/graphics-def\pdftex.def
File: pdftex.def 2024/04/13 v1.2c Graphics/color driver for pdftex
))
\Gin@req@height=\dimen142
\Gin@req@width=\dimen143
) (C:\Users\nilsr\AppData\Local\Programs\MiKTeX\tex/latex/caption\subcaption.sty
Package: subcaption 2023/07/28 v1.6b Sub-captions (AR)
 (C:\Users\nilsr\AppData\Local\Programs\MiKTeX\tex/latex/caption\caption.sty
Package: caption 2023/08/05 v3.6o Customizing captions (AR)
 (C:\Users\nilsr\AppData\Local\Programs\MiKTeX\tex/latex/caption\caption3.sty
Package: caption3 2023/07/31 v2.4d caption3 kernel (AR)
\caption@tempdima=\dimen144
\captionmargin=\dimen145
\caption@leftmargin=\dimen146
\caption@rightmargin=\dimen147
\caption@width=\dimen148
\caption@indent=\dimen149
\caption@parindent=\dimen150
\caption@hangindent=\dimen151
Package caption Info: Standard document class detected.
)
\c@caption@flags=\count270
\c@continuedfloat=\count271
)
Package caption Info: New subtype `subfigure' on input line 238.
\c@subfigure=\count272
Package caption Info: New subtype `subtable' on input line 238.
\c@subtable=\count273
) (C:\Users\nilsr\AppData\Local\Programs\MiKTeX\tex/latex/subfig\subfig.sty
Package: subfig 2005/06/28 ver: 1.3 subfig package
\c@KVtest=\count274
\sf@farskip=\skip51
\sf@captopadj=\dimen152
\sf@capskip=\skip52
\sf@nearskip=\skip53
\sf@top=\skip54
\sf@bottom=\skip55
) (C:\Users\nilsr\AppData\Local\Programs\MiKTeX\tex/latex/base\fontenc.sty
Package: fontenc 2021/04/29 v2.0v Standard LaTeX package
) (C:\Users\nilsr\AppData\Local\Programs\MiKTeX\tex/latex/tex-gyre\tgbonum.sty
Package: tgbonum 2009/09/27 v1.2 TeX Gyre Bonum as default roman family
 (C:\Users\nilsr\AppData\Local\Programs\MiKTeX\tex/latex/kvoptions\kvoptions.sty
Package: kvoptions 2022-06-15 v3.15 Key value format for package options (HO)
 (C:\Users\nilsr\AppData\Local\Programs\MiKTeX\tex/generic/ltxcmds\ltxcmds.sty
Package: ltxcmds 2023-12-04 v1.26 LaTeX kernel commands for general use (HO)
) (C:\Users\nilsr\AppData\Local\Programs\MiKTeX\tex/latex/kvsetkeys\kvsetkeys.sty
Package: kvsetkeys 2022-10-05 v1.19 Key value parser (HO)
)))
LaTeX Font Info:    Trying to load font information for T1+qbk on input line 11.
 (C:\Users\nilsr\AppData\Local\Programs\MiKTeX\tex/latex/tex-gyre\t1qbk.fd
File: t1qbk.fd 2009/09/25 v1.2 font definition file for T1/qbk
) (C:\Users\nilsr\AppData\Local\Programs\MiKTeX\tex/latex/l3backend\l3backend-pdftex.def
File: l3backend-pdftex.def 2024-05-08 L3 backend support: PDF output (pdfTeX)
\l__color_backend_stack_int=\count275
\l__pdf_internal_box=\box52
) (main.aux)
\openout1 = `main.aux'.

LaTeX Font Info:    Checking defaults for OML/cmm/m/it on input line 11.
LaTeX Font Info:    ... okay on input line 11.
LaTeX Font Info:    Checking defaults for OMS/cmsy/m/n on input line 11.
LaTeX Font Info:    ... okay on input line 11.
LaTeX Font Info:    Checking defaults for OT1/cmr/m/n on input line 11.
LaTeX Font Info:    ... okay on input line 11.
LaTeX Font Info:    Checking defaults for T1/cmr/m/n on input line 11.
LaTeX Font Info:    ... okay on input line 11.
LaTeX Font Info:    Checking defaults for TS1/cmr/m/n on input line 11.
LaTeX Font Info:    ... okay on input line 11.
LaTeX Font Info:    Checking defaults for OMX/cmex/m/n on input line 11.
LaTeX Font Info:    ... okay on input line 11.
LaTeX Font Info:    Checking defaults for U/cmr/m/n on input line 11.
LaTeX Font Info:    ... okay on input line 11.
 (C:\Users\nilsr\AppData\Local\Programs\MiKTeX\tex/context/base/mkii\supp-pdf.mkii
[Loading MPS to PDF converter (version 2006.09.02).]
\scratchcounter=\count276
\scratchdimen=\dimen153
\scratchbox=\box53
\nofMPsegments=\count277
\nofMParguments=\count278
\everyMPshowfont=\toks18
\MPscratchCnt=\count279
\MPscratchDim=\dimen154
\MPnumerator=\count280
\makeMPintoPDFobject=\count281
\everyMPtoPDFconversion=\toks19
) (C:\Users\nilsr\AppData\Local\Programs\MiKTeX\tex/latex/epstopdf-pkg\epstopdf-base.sty
Package: epstopdf-base 2020-01-24 v2.11 Base part for package epstopdf
Package epstopdf-base Info: Redefining graphics rule for `.eps' on input line 485.
 (C:\Users\nilsr\AppData\Local\Programs\MiKTeX\tex/latex/00miktex\epstopdf-sys.cfg
File: epstopdf-sys.cfg 2021/03/18 v2.0 Configuration of epstopdf for MiKTeX
))
Package caption Info: Begin \AtBeginDocument code.
Package caption Info: subfig package v1.3 is loaded.
Package caption Info: End \AtBeginDocument code.
LaTeX Font Info:    Trying to load font information for T1+phv on input line 17.
 (C:\Users\nilsr\AppData\Local\Programs\MiKTeX\tex/latex/psnfss\t1phv.fd
File: t1phv.fd 2020/03/25 scalable font definitions for T1/phv.
)
<logo_gradient.png, id=1, 147.4308pt x 147.4308pt>
File: logo_gradient.png Graphic file (type png)
<use logo_gradient.png>
Package pdftex.def Info: logo_gradient.png  used on input line 32.
(pdftex.def)             Requested size: 155.24895pt x 155.25682pt.


[1

{C:/Users/nilsr/AppData/Local/MiKTeX/fonts/map/pdftex/pdftex.map}{C:/Users/nilsr/AppData/Local/Programs/MiKTeX/fonts/enc/dvips/base/8r.enc}{C:/Users/nilsr/AppData/Local/Programs/MiKTeX/fonts/enc/dvips/tex-gyre/q-ec.enc} <./logo_gradient.png>]

[1]
<ShopList.png, id=14, 356.33125pt x 560.0925pt>
File: ShopList.png Graphic file (type png)
<use ShopList.png>
Package pdftex.def Info: ShopList.png  used on input line 85.
(pdftex.def)             Requested size: 103.50105pt x 162.67905pt.
<StoreHome.png, id=15, 357.335pt x 561.09625pt>
File: StoreHome.png Graphic file (type png)
<use StoreHome.png>
Package pdftex.def Info: StoreHome.png  used on input line 89.
(pdftex.def)             Requested size: 103.50105pt x 162.51682pt.
<ShopRoute.png, id=16, 358.33875pt x 561.09625pt>
File: ShopRoute.png Graphic file (type png)
<use ShopRoute.png>
Package pdftex.def Info: ShopRoute.png  used on input line 93.
(pdftex.def)             Requested size: 103.50105pt x 162.06305pt.


LaTeX Warning: `!h' float specifier changed to `!ht'.

<lean model canvas.png, id=17, 1038.88126pt x 616.3025pt>
File: lean model canvas.png Graphic file (type png)
<use lean model canvas.png>
Package pdftex.def Info: lean model canvas.png  used on input line 117.
(pdftex.def)             Requested size: 345.0pt x 204.6594pt.


[2]

LaTeX Warning: `h' float specifier changed to `ht'.



[3 <./ShopList.png> <./StoreHome.png> <./ShopRoute.png>]

[4 <./lean model canvas.png (PNG copy)>]
Underfull \hbox (badness 10000) in paragraph at lines 153--164

 []


Underfull \hbox (badness 10000) in paragraph at lines 153--164

 []


Underfull \hbox (badness 10000) in paragraph at lines 153--164

 []


Underfull \hbox (badness 10000) in paragraph at lines 153--164

 []


Underfull \hbox (badness 10000) in paragraph at lines 153--164

 []


Underfull \hbox (badness 10000) in paragraph at lines 153--164

 []



[5]
LaTeX Font Info:    External font `cmex10' loaded for size
(Font)              <7> on input line 168.
LaTeX Font Info:    External font `cmex10' loaded for size
(Font)              <5> on input line 168.

Overfull \hbox (12.94438pt too wide) in paragraph at lines 170--170
[]\T1/qbk/m/n/10 Consequences| 
 []


Underfull \hbox (badness 10000) in paragraph at lines 170--170
[]\T1/qbk/m/n/10 Total Risk
 []


Overfull \hbox (96.88577pt too wide) in paragraph at lines 168--173
 [] 
 []


Underfull \hbox (badness 2538) in paragraph at lines 180--180
[]\T1/qbk/m/n/10 Low in-volve-ment
 []


Underfull \hbox (badness 4416) in paragraph at lines 180--180
\T1/qbk/m/n/10 of users. Not
 []


Underfull \hbox (badness 10000) in paragraph at lines 180--180
\T1/qbk/m/n/10 "prob-lem" sub-
 []


Underfull \hbox (badness 10000) in paragraph at lines 180--180
\T1/qbk/m/n/10 stan-tial enough
 []


Underfull \hbox (badness 1603) in paragraph at lines 180--180
\T1/qbk/m/n/10 to want a so-lu-
 []


Underfull \hbox (badness 10000) in paragraph at lines 180--180
\T1/qbk/m/n/10 in-ter-ested in
 []


Underfull \hbox (badness 2662) in paragraph at lines 180--180
\T1/qbk/m/n/10 learn-ing how to
 []


Underfull \hbox (badness 10000) in paragraph at lines 180--180
[]\T1/qbk/m/n/10 MOM-test.
 []


Underfull \hbox (badness 10000) in paragraph at lines 180--180
\T1/qbk/m/n/10 Pro-to-typ-ing
 []


Underfull \hbox (badness 10000) in paragraph at lines 180--180
\T1/qbk/m/n/10 to en-sure
 []


Underfull \hbox (badness 10000) in paragraph at lines 180--180
\T1/qbk/m/n/10 sim-ple,
 []


Underfull \hbox (badness 10000) in paragraph at lines 180--180
\T1/qbk/m/n/10 UI, good
 []


Underfull \hbox (badness 4954) in paragraph at lines 180--180
\T1/qbk/m/n/10 fit for the
 []


Underfull \hbox (badness 10000) in paragraph at lines 180--180
\T1/qbk/m/n/10 prob-lem.
 []


Underfull \hbox (badness 10000) in paragraph at lines 180--180
\T1/qbk/m/n/10 Ex-clu-sive
 []


Underfull \hbox (badness 10000) in paragraph at lines 180--180
\T1/qbk/m/n/10 of-fers to
 []


Underfull \hbox (badness 10000) in paragraph at lines 180--181
[]\T1/qbk/m/n/10 Prototype
 []


Underfull \hbox (badness 10000) in paragraph at lines 182--182
\T1/qbk/m/n/10 ceive gains as
 []


Underfull \hbox (badness 10000) in paragraph at lines 182--182
\T1/qbk/m/n/10 small com-pared
 []


Underfull \hbox (badness 10000) in paragraph at lines 182--182
\T1/qbk/m/n/10 Not will-ing to
 []


Underfull \hbox (badness 2698) in paragraph at lines 182--182
\T1/qbk/m/n/10 learn new tech-
 []


Underfull \hbox (badness 10000) in paragraph at lines 182--182
[]\T1/qbk/m/n/10 Prioritize
 []


Underfull \hbox (badness 10000) in paragraph at lines 182--182
\T1/qbk/m/n/10 sim-ple
 []


Underfull \hbox (badness 10000) in paragraph at lines 182--182
\T1/qbk/m/n/10 and quick
 []


Underfull \hbox (badness 10000) in paragraph at lines 182--182
\T1/qbk/m/n/10 main-te-
 []


Underfull \hbox (badness 10000) in paragraph at lines 182--182
\T1/qbk/m/n/10 nance on
 []


Underfull \hbox (badness 10000) in paragraph at lines 182--182
\T1/qbk/m/n/10 business-
 []


Underfull \hbox (badness 10000) in paragraph at lines 182--182
\T1/qbk/m/n/10 Pro-to-typ-
 []


Underfull \hbox (badness 5022) in paragraph at lines 182--182
\T1/qbk/m/n/10 sup-port to
 []


Underfull \hbox (badness 10000) in paragraph at lines 182--183
[]\T1/qbk/m/n/10 Prototype
 []


Overfull \hbox (96.88577pt too wide) in paragraph at lines 176--185
 [] 
 []



[6]
Underfull \hbox (badness 10000) in paragraph at lines 192--192
[]\T1/qbk/m/n/10 Requirements
 []


Underfull \hbox (badness 10000) in paragraph at lines 192--192
\T1/qbk/m/n/10 not de-liv-er-able:
 []


Underfull \hbox (badness 5008) in paragraph at lines 192--192
\T1/qbk/m/n/10 can-not get pre-
 []


Underfull \hbox (badness 10000) in paragraph at lines 192--192
\T1/qbk/m/n/10 cise enough
 []


Underfull \hbox (badness 10000) in paragraph at lines 192--192
\T1/qbk/m/n/10 in-door lo-ca-tion
 []


Underfull \hbox (badness 6252) in paragraph at lines 192--192
[]\T1/qbk/m/n/10 Early test-
 []


Underfull \hbox (badness 10000) in paragraph at lines 192--192
\T1/qbk/m/n/10 for al-
 []


Underfull \hbox (badness 10000) in paragraph at lines 192--192
\T1/qbk/m/n/10 ter-na-tive
 []


Underfull \hbox (badness 10000) in paragraph at lines 192--193
[]\T1/qbk/m/n/10 Research
 []


Underfull \hbox (badness 10000) in paragraph at lines 192--193
\T1/qbk/m/n/10 be-fore
 []


Underfull \hbox (badness 10000) in paragraph at lines 192--193
\T1/qbk/m/n/10 start-ing
 []


Underfull \hbox (badness 10000) in paragraph at lines 192--193
\T1/qbk/m/n/10 im-ple-men-
 []


Underfull \hbox (badness 10000) in paragraph at lines 192--193
\T1/qbk/m/n/10 ta-tion,
 []


Underfull \hbox (badness 10000) in paragraph at lines 192--193
\T1/qbk/m/n/10 al-ter-na-tive
 []


Overfull \hbox (3.79164pt too wide) in paragraph at lines 194--194
[]\T1/qbk/m/n/10 Misunderstanding
 []


Underfull \hbox (badness 10000) in paragraph at lines 194--194
\T1/qbk/m/n/10 quire-ments.
 []


Underfull \hbox (badness 10000) in paragraph at lines 194--194
\T1/qbk/m/n/10 Mis-un-der-stood
 []


Underfull \hbox (badness 10000) in paragraph at lines 194--194
\T1/qbk/m/n/10 MOM-test re-
 []


Underfull \hbox (badness 10000) in paragraph at lines 194--194
\T1/qbk/m/n/10 sults, and
 []


Underfull \hbox (badness 10000) in paragraph at lines 194--194
\T1/qbk/m/n/10 Miss-ing im-por-
 []


Underfull \hbox (badness 10000) in paragraph at lines 194--194
\T1/qbk/m/n/10 our so-lu-tion.
 []


Underfull \hbox (badness 10000) in paragraph at lines 194--194
\T1/qbk/m/n/10 Un-spo-ken re-
 []


Underfull \hbox (badness 2285) in paragraph at lines 194--194
\T1/qbk/m/n/10 quire-ments: Do
 []


Underfull \hbox (badness 5817) in paragraph at lines 194--194
\T1/qbk/m/n/10 ate yet an-other
 []


Underfull \hbox (badness 1642) in paragraph at lines 194--194
\T1/qbk/m/n/10 ac-count, do not
 []


Underfull \hbox (badness 10000) in paragraph at lines 194--194
\T1/qbk/m/n/10 wish to see a
 []


Underfull \hbox (badness 10000) in paragraph at lines 194--194
\T1/qbk/m/n/10 bunch of ads
 []


Underfull \hbox (badness 4120) in paragraph at lines 194--194
\T1/qbk/m/n/10 (which are part
 []


Overfull \hbox (1.7444pt too wide) in paragraph at lines 194--194
[]\T1/qbk/m/n/10 Prototyping,
 []


Underfull \hbox (badness 10000) in paragraph at lines 194--194
\T1/qbk/m/n/10 feed-back
 []


Underfull \hbox (badness 10000) in paragraph at lines 194--194
\T1/qbk/m/n/10 in-clud-ing
 []


Underfull \hbox (badness 10000) in paragraph at lines 194--195
[]\T1/qbk/m/n/10 Prototype
 []


Overfull \hbox (96.88577pt too wide) in paragraph at lines 188--197
 [] 
 []



[7]
Underfull \hbox (badness 10000) in paragraph at lines 204--204
[]\T1/qbk/m/n/10 Unrealistic
 []


Underfull \hbox (badness 10000) in paragraph at lines 204--204
\T1/qbk/m/n/10 sched-ule and
 []


Underfull \hbox (badness 10000) in paragraph at lines 204--204
\T1/qbk/m/n/10 bud-get, un-re-
 []


Underfull \hbox (badness 10000) in paragraph at lines 204--204
\T1/qbk/m/n/10 al-is-tic goals.
 []


Underfull \hbox (badness 10000) in paragraph at lines 204--204
\T1/qbk/m/n/10 In-ex-pe-ri-enced
 []


Underfull \hbox (badness 10000) in paragraph at lines 204--204
\T1/qbk/m/n/10 team leads to
 []


Underfull \hbox (badness 10000) in paragraph at lines 204--204
\T1/qbk/m/n/10 over-es-ti-ma-tion
 []


Underfull \hbox (badness 10000) in paragraph at lines 204--204
\T1/qbk/m/n/10 an un-re-al-is-tic
 []


Underfull \hbox (badness 10000) in paragraph at lines 204--204
[]\T1/qbk/m/n/10 Leave ex-
 []


Underfull \hbox (badness 10000) in paragraph at lines 204--204
\T1/qbk/m/n/10 tra room.
 []


Underfull \hbox (badness 10000) in paragraph at lines 204--204
\T1/qbk/m/n/10 Plan-ning
 []


Underfull \hbox (badness 10000) in paragraph at lines 204--204
\T1/qbk/m/n/10 poker to
 []


Underfull \hbox (badness 10000) in paragraph at lines 204--204
\T1/qbk/m/n/10 es-ti-mate
 []


Underfull \hbox (badness 10000) in paragraph at lines 204--204
\T1/qbk/m/n/10 ef-fort for
 []


Underfull \hbox (badness 10000) in paragraph at lines 204--204
\T1/qbk/m/n/10 dif-fer-ent
 []


Underfull \hbox (badness 10000) in paragraph at lines 204--204
\T1/qbk/m/n/10 ac-tiv-i-ties.
 []


Underfull \hbox (badness 10000) in paragraph at lines 204--204
\T1/qbk/m/n/10 If pos-si-ble
 []


Underfull \hbox (badness 10000) in paragraph at lines 204--204
\T1/qbk/m/n/10 aqcuire a
 []


Underfull \hbox (badness 10000) in paragraph at lines 204--204
\T1/qbk/m/n/10 business-
 []


Underfull \hbox (badness 10000) in paragraph at lines 204--204
\T1/qbk/m/n/10 mentor to
 []


Underfull \hbox (badness 10000) in paragraph at lines 204--204
\T1/qbk/m/n/10 help and
 []


Underfull \hbox (badness 10000) in paragraph at lines 204--204
\T1/qbk/m/n/10 give feed-
 []


Underfull \hbox (badness 10000) in paragraph at lines 204--204
\T1/qbk/m/n/10 back on
 []


Underfull \hbox (badness 10000) in paragraph at lines 204--205
[]\T1/qbk/m/n/10 Regular
 []


Underfull \hbox (badness 10000) in paragraph at lines 204--205
\T1/qbk/m/n/10 check-ins
 []


Underfull \hbox (badness 8019) in paragraph at lines 204--205
\T1/qbk/m/n/10 with time-
 []


Underfull \hbox (badness 10000) in paragraph at lines 206--206
[]\T1/qbk/m/n/10 Poor plan-ning.
 []


Underfull \hbox (badness 10000) in paragraph at lines 206--206
\T1/qbk/m/n/10 Not de-tailed
 []


Underfull \hbox (badness 2020) in paragraph at lines 206--206
\T1/qbk/m/n/10 enough/ in-suf-fi-
 []


Underfull \hbox (badness 4832) in paragraph at lines 206--206
\T1/qbk/m/n/10 Missed or over-
 []


Underfull \hbox (badness 10000) in paragraph at lines 206--206
[]\T1/qbk/m/n/10 SPM-tools
 []


Underfull \hbox (badness 1874) in paragraph at lines 206--206
\T1/qbk/m/n/10 to try and
 []


Underfull \hbox (badness 10000) in paragraph at lines 206--206
\T1/qbk/m/n/10 de-velop a
 []


Underfull \hbox (badness 10000) in paragraph at lines 206--206
\T1/qbk/m/n/10 more de-
 []


Underfull \hbox (badness 2961) in paragraph at lines 206--206
\T1/qbk/m/n/10 tailed plan
 []


Underfull \hbox (badness 10000) in paragraph at lines 206--206
\T1/qbk/m/n/10 to min-i-
 []


Underfull \hbox (badness 10000) in paragraph at lines 206--206
\T1/qbk/m/n/10 mize risk
 []


Underfull \hbox (badness 10000) in paragraph at lines 206--206
\T1/qbk/m/n/10 of miss-ing
 []


Underfull \hbox (badness 10000) in paragraph at lines 206--206
\T1/qbk/m/n/10 some-thing
 []


Underfull \hbox (badness 10000) in paragraph at lines 206--206
\T1/qbk/m/n/10 im-por-tant.
 []


Underfull \hbox (badness 10000) in paragraph at lines 206--206
\T1/qbk/m/n/10 Plan-ning
 []


Underfull \hbox (badness 10000) in paragraph at lines 206--206
\T1/qbk/m/n/10 poker: if
 []


Underfull \hbox (badness 10000) in paragraph at lines 206--206
\T1/qbk/m/n/10 large vari-
 []


Underfull \hbox (badness 10000) in paragraph at lines 206--206
\T1/qbk/m/n/10 a-tion in
 []


Underfull \hbox (badness 10000) in paragraph at lines 206--206
\T1/qbk/m/n/10 es-ti-mated
 []


Underfull \hbox (badness 10000) in paragraph at lines 206--206
\T1/qbk/m/n/10 ef-fort, or
 []


Underfull \hbox (badness 10000) in paragraph at lines 206--206
\T1/qbk/m/n/10 large ef-
 []


Underfull \hbox (badness 10000) in paragraph at lines 206--206
\T1/qbk/m/n/10 fort for a
 []


Underfull \hbox (badness 1748) in paragraph at lines 206--206
\T1/qbk/m/n/10 given task,
 []


Underfull \hbox (badness 10000) in paragraph at lines 206--206
\T1/qbk/m/n/10 per-haps a
 []


Underfull \hbox (badness 10000) in paragraph at lines 206--206
\T1/qbk/m/n/10 (should)
 []


Underfull \hbox (badness 10000) in paragraph at lines 206--206
\T1/qbk/m/n/10 be bro-ken
 []


Underfull \hbox (badness 10000) in paragraph at lines 206--206
\T1/qbk/m/n/10 down fur-
 []


Underfull \hbox (badness 10000) in paragraph at lines 206--207
[]\T1/qbk/m/n/10 Regular
 []


Underfull \hbox (badness 10000) in paragraph at lines 206--207
\T1/qbk/m/n/10 check-ins
 []


Underfull \hbox (badness 8019) in paragraph at lines 206--207
\T1/qbk/m/n/10 with time-
 []


Overfull \hbox (96.88577pt too wide) in paragraph at lines 200--209
 [] 
 []



[8]
Underfull \hbox (badness 10000) in paragraph at lines 218--218
[]\T1/qbk/m/n/10 Faulty cost-
 []


Underfull \hbox (badness 5022) in paragraph at lines 218--218
\T1/qbk/m/n/10 benefit anal-y-sis:
 []


Underfull \hbox (badness 10000) in paragraph at lines 218--218
\T1/qbk/m/n/10 ex-pen-sive than
 []


Underfull \hbox (badness 10000) in paragraph at lines 218--218
[]\T1/qbk/m/n/10 Periodic
 []


Underfull \hbox (badness 10000) in paragraph at lines 218--218
\T1/qbk/m/n/10 re-vi-sions
 []


Underfull \hbox (badness 10000) in paragraph at lines 218--218
\T1/qbk/m/n/10 and re-
 []


Underfull \hbox (badness 10000) in paragraph at lines 218--218
\T1/qbk/m/n/10 prioritizing
 []


Underfull \hbox (badness 4886) in paragraph at lines 218--218
\T1/qbk/m/n/10 ing a fine
 []


Underfull \hbox (badness 10000) in paragraph at lines 218--218
\T1/qbk/m/n/10 gran-u-lar-
 []


Underfull \hbox (badness 10000) in paragraph at lines 218--218
\T1/qbk/m/n/10 ity when
 []


Underfull \hbox (badness 10000) in paragraph at lines 218--218
\T1/qbk/m/n/10 plan-ning
 []


Underfull \hbox (badness 10000) in paragraph at lines 218--218
\T1/qbk/m/n/10 to clar-ify
 []


Underfull \hbox (badness 10000) in paragraph at lines 218--219
[]\T1/qbk/m/n/10 Regular
 []


Underfull \hbox (badness 10000) in paragraph at lines 218--219
\T1/qbk/m/n/10 check-ins
 []


Underfull \hbox (badness 8019) in paragraph at lines 218--219
\T1/qbk/m/n/10 with time-
 []


Overfull \hbox (96.88577pt too wide) in paragraph at lines 214--221
 [] 
 []



[9]
Underfull \hbox (badness 10000) in paragraph at lines 228--228
\T1/qbk/m/n/10 in de-sign el-e-
 []


Underfull \hbox (badness 10000) in paragraph at lines 228--228
\T1/qbk/m/n/10 ments, bad or
 []


Underfull \hbox (badness 10000) in paragraph at lines 228--228
[]\T1/qbk/m/n/10 Perform
 []


Underfull \hbox (badness 10000) in paragraph at lines 228--228
\T1/qbk/m/n/10 pro-to-typ-ing
 []


Underfull \hbox (badness 10000) in paragraph at lines 228--228
\T1/qbk/m/n/10 feed-back
 []


Underfull \hbox (badness 10000) in paragraph at lines 228--229
[]\T1/qbk/m/n/10 Prototype
 []


Underfull \hbox (badness 10000) in paragraph at lines 230--230
[]\T1/qbk/m/n/10 Lack of proper
 []


Underfull \hbox (badness 1629) in paragraph at lines 230--230
\T1/qbk/m/n/10 ar-chi-tec-tural de-
 []


Underfull \hbox (badness 10000) in paragraph at lines 230--230
[]\T1/qbk/m/n/10 Separate
 []


Underfull \hbox (badness 10000) in paragraph at lines 230--230
\T1/qbk/m/n/10 ac-tiv-ity
 []


Underfull \hbox (badness 10000) in paragraph at lines 230--230
\T1/qbk/m/n/10 to plan
 []


Underfull \hbox (badness 10000) in paragraph at lines 230--230
\T1/qbk/m/n/10 proper ar-
 []


Underfull \hbox (badness 10000) in paragraph at lines 230--230
\T1/qbk/m/n/10 chi-tec-ture.
 []


Underfull \hbox (badness 10000) in paragraph at lines 230--230
\T1/qbk/m/n/10 Cre-ate
 []


Underfull \hbox (badness 10000) in paragraph at lines 230--230
\T1/qbk/m/n/10 struc-ture
 []


Underfull \hbox (badness 10000) in paragraph at lines 230--230
\T1/qbk/m/n/10 doc-u-
 []


Underfull \hbox (badness 10000) in paragraph at lines 230--230
\T1/qbk/m/n/10 ments,
 []


Underfull \hbox (badness 10000) in paragraph at lines 230--230
\T1/qbk/m/n/10 UML-
 []


Underfull \hbox (badness 10000) in paragraph at lines 230--230
\T1/qbk/m/n/10 diagrams,
 []


Underfull \hbox (badness 1048) in paragraph at lines 230--230
\T1/qbk/m/n/10 and de-sign
 []


Underfull \hbox (badness 10000) in paragraph at lines 230--230
\T1/qbk/m/n/10 meet-ings
 []


Underfull \hbox (badness 10000) in paragraph at lines 230--230
\T1/qbk/m/n/10 with team
 []


Underfull \hbox (badness 10000) in paragraph at lines 230--230
\T1/qbk/m/n/10 to en-sure
 []


Underfull \hbox (badness 10000) in paragraph at lines 230--230
\T1/qbk/m/n/10 on board.
 []


Underfull \hbox (badness 10000) in paragraph at lines 230--230
\T1/qbk/m/n/10 Doc-u-ment
 []


Underfull \hbox (badness 10000) in paragraph at lines 230--231
[]\T1/qbk/m/n/10 Periodic
 []


Underfull \hbox (badness 10000) in paragraph at lines 230--231
\T1/qbk/m/n/10 code re-
 []


Overfull \hbox (96.88577pt too wide) in paragraph at lines 224--233
 [] 
 []


Underfull \hbox (badness 10000) in paragraph at lines 240--240
[]\T1/qbk/m/n/10 Test first,
 []


Underfull \hbox (badness 10000) in paragraph at lines 240--240
\T1/qbk/m/n/10 clean
 []


Underfull \hbox (badness 10000) in paragraph at lines 240--240
\T1/qbk/m/n/10 branch
 []


Underfull \hbox (badness 10000) in paragraph at lines 240--240
\T1/qbk/m/n/10 with only
 []


Underfull \hbox (badness 10000) in paragraph at lines 240--240
\T1/qbk/m/n/10 work-ing
 []


Underfull \hbox (badness 10000) in paragraph at lines 240--240
\T1/qbk/m/n/10 code to
 []


Underfull \hbox (badness 10000) in paragraph at lines 240--240
\T1/qbk/m/n/10 en-sure no
 []


Underfull \hbox (badness 10000) in paragraph at lines 240--240
\T1/qbk/m/n/10 bro-ken
 []


Underfull \hbox (badness 10000) in paragraph at lines 240--240
\T1/qbk/m/n/10 code con-
 []


Underfull \hbox (badness 10000) in paragraph at lines 240--240
\T1/qbk/m/n/10 tam-i-nates
 []


Underfull \hbox (badness 10000) in paragraph at lines 240--241
[]\T1/qbk/m/n/10 Periodic
 []


Underfull \hbox (badness 10000) in paragraph at lines 240--241
\T1/qbk/m/n/10 code re-
 []


Underfull \hbox (badness 10000) in paragraph at lines 240--241
\T1/qbk/m/n/10 views,
 []


Underfull \hbox (badness 10000) in paragraph at lines 240--241
\T1/qbk/m/n/10 con-ti-nous
 []


Underfull \hbox (badness 10000) in paragraph at lines 242--242
[]\T1/qbk/m/n/10 Lack of proper
 []


Underfull \hbox (badness 10000) in paragraph at lines 242--242
\T1/qbk/m/n/10 doc-u-men-ta-tion
 []


Underfull \hbox (badness 10000) in paragraph at lines 242--242
\T1/qbk/m/n/10 and com-ments,
 []


Underfull \hbox (badness 6477) in paragraph at lines 242--242
\T1/qbk/m/n/10 stand for other
 []


Underfull \hbox (badness 10000) in paragraph at lines 242--242
[]\T1/qbk/m/n/10 Plan and
 []


Underfull \hbox (badness 10000) in paragraph at lines 242--242
\T1/qbk/m/n/10 guide-
 []


Underfull \hbox (badness 10000) in paragraph at lines 242--242
\T1/qbk/m/n/10 lines on
 []


Underfull \hbox (badness 10000) in paragraph at lines 242--242
\T1/qbk/m/n/10 doc-u-men-
 []


Underfull \hbox (badness 10000) in paragraph at lines 242--242
\T1/qbk/m/n/10 ta-tion for
 []


Underfull \hbox (badness 10000) in paragraph at lines 242--242
\T1/qbk/m/n/10 pro-duced
 []


Underfull \hbox (badness 1533) in paragraph at lines 242--242
\T1/qbk/m/n/10 code. Pe-
 []


Underfull \hbox (badness 10000) in paragraph at lines 242--242
\T1/qbk/m/n/10 ri-odic in-
 []


Underfull \hbox (badness 10000) in paragraph at lines 242--243
[]\T1/qbk/m/n/10 Periodic
 []


Underfull \hbox (badness 10000) in paragraph at lines 242--243
\T1/qbk/m/n/10 code re-
 []


Underfull \hbox (badness 10000) in paragraph at lines 244--244
[]\T1/qbk/m/n/10 Clear re-
 []


Underfull \hbox (badness 10000) in paragraph at lines 244--244
\T1/qbk/m/n/10 source
 []


Underfull \hbox (badness 10000) in paragraph at lines 244--244
\T1/qbk/m/n/10 plan-ning
 []


Underfull \hbox (badness 10000) in paragraph at lines 244--244
\T1/qbk/m/n/10 to en-sure
 []


Underfull \hbox (badness 10000) in paragraph at lines 244--244
\T1/qbk/m/n/10 standup-
 []


Underfull \hbox (badness 10000) in paragraph at lines 244--244
\T1/qbk/m/n/10 meetings
 []


Underfull \hbox (badness 10000) in paragraph at lines 244--244
\T1/qbk/m/n/10 to quickly
 []


Underfull \hbox (badness 10000) in paragraph at lines 244--244
\T1/qbk/m/n/10 dis-cover if
 []


Underfull \hbox (badness 4229) in paragraph at lines 244--244
\T1/qbk/m/n/10 there is a
 []


Underfull \hbox (badness 10000) in paragraph at lines 244--244
\T1/qbk/m/n/10 prob-lem,
 []


Underfull \hbox (badness 10000) in paragraph at lines 244--244
\T1/qbk/m/n/10 so that
 []


Underfull \hbox (badness 10000) in paragraph at lines 244--244
\T1/qbk/m/n/10 re-sources
 []


Underfull \hbox (badness 10000) in paragraph at lines 244--244
\T1/qbk/m/n/10 may be
 []


Underfull \hbox (badness 10000) in paragraph at lines 244--244
\T1/qbk/m/n/10 re-dis-
 []


Underfull \hbox (badness 10000) in paragraph at lines 244--245
[]\T1/qbk/m/n/10 Team
 []


Underfull \hbox (badness 10000) in paragraph at lines 244--245
\T1/qbk/m/n/10 check-
 []


Overfull \hbox (96.88577pt too wide) in paragraph at lines 236--247
 [] 
 []



[10]
Underfull \hbox (badness 10000) in paragraph at lines 254--254
[]\T1/qbk/m/n/10 Lack of proper
 []


Underfull \hbox (badness 10000) in paragraph at lines 254--254
[]\T1/qbk/m/n/10 Clear
 []


Underfull \hbox (badness 10000) in paragraph at lines 254--254
\T1/qbk/m/n/10 guide-
 []


Underfull \hbox (badness 10000) in paragraph at lines 254--254
\T1/qbk/m/n/10 lines on
 []


Underfull \hbox (badness 10000) in paragraph at lines 254--254
\T1/qbk/m/n/10 doc-u-men-
 []


Underfull \hbox (badness 10000) in paragraph at lines 254--254
\T1/qbk/m/n/10 re-views
 []


Underfull \hbox (badness 10000) in paragraph at lines 254--255
[]\T1/qbk/m/n/10 Periodic
 []


Underfull \hbox (badness 10000) in paragraph at lines 254--255
\T1/qbk/m/n/10 code re-
 []


Underfull \hbox (badness 10000) in paragraph at lines 254--255
\T1/qbk/m/n/10 views,
 []


Underfull \hbox (badness 10000) in paragraph at lines 254--255
\T1/qbk/m/n/10 con-ti-nous
 []


Underfull \hbox (badness 2662) in paragraph at lines 256--256
[]\T1/qbk/m/n/10 Too com-plex for
 []


Underfull \hbox (badness 10000) in paragraph at lines 256--256
\T1/qbk/m/n/10 busi-nesses to
 []


Underfull \hbox (badness 10000) in paragraph at lines 256--256
[]\T1/qbk/m/n/10 Prototyping
 []


Underfull \hbox (badness 10000) in paragraph at lines 256--256
\T1/qbk/m/n/10 busi-ness
 []


Underfull \hbox (badness 10000) in paragraph at lines 256--256
\T1/qbk/m/n/10 feed-back
 []


Underfull \hbox (badness 10000) in paragraph at lines 256--256
\T1/qbk/m/n/10 on doc-
 []


Underfull \hbox (badness 10000) in paragraph at lines 256--256
\T1/qbk/m/n/10 u-men-ta-
 []


Underfull \hbox (badness 10000) in paragraph at lines 256--256
\T1/qbk/m/n/10 tion, of-fer
 []


Underfull \hbox (badness 10000) in paragraph at lines 256--256
\T1/qbk/m/n/10 on-go-ing
 []


Underfull \hbox (badness 10000) in paragraph at lines 256--256
\T1/qbk/m/n/10 sup-port.
 []


Underfull \hbox (badness 10000) in paragraph at lines 256--256
\T1/qbk/m/n/10 Al-ready in
 []


Underfull \hbox (badness 10000) in paragraph at lines 256--256
\T1/qbk/m/n/10 plan-ning
 []


Underfull \hbox (badness 8019) in paragraph at lines 256--256
\T1/qbk/m/n/10 stage plan
 []


Underfull \hbox (badness 10000) in paragraph at lines 256--256
\T1/qbk/m/n/10 tion into
 []


Underfull \hbox (badness 10000) in paragraph at lines 256--256
\T1/qbk/m/n/10 ex-ist-ing
 []


Underfull \hbox (badness 10000) in paragraph at lines 256--256
\T1/qbk/m/n/10 WMS to
 []


Underfull \hbox (badness 10000) in paragraph at lines 256--256
\T1/qbk/m/n/10 min-i-mize
 []


Underfull \hbox (badness 10000) in paragraph at lines 256--256
\T1/qbk/m/n/10 nec-es-sary
 []


Underfull \hbox (badness 2790) in paragraph at lines 256--256
\T1/qbk/m/n/10 ef-fort from
 []


Underfull \hbox (badness 10000) in paragraph at lines 256--256
\T1/qbk/m/n/10 busi-nesses
 []


Underfull \hbox (badness 10000) in paragraph at lines 256--256
\T1/qbk/m/n/10 to main-
 []


Underfull \hbox (badness 10000) in paragraph at lines 256--257
[]\T1/qbk/m/n/10 Pre-release
 []


Underfull \hbox (badness 1715) in paragraph at lines 258--258
[]\T1/qbk/m/n/10 Political or le-gal
 []


Underfull \hbox (badness 10000) in paragraph at lines 258--258
\T1/qbk/m/n/10 changes that
 []


Underfull \hbox (badness 4120) in paragraph at lines 258--258
\T1/qbk/m/n/10 have a neg-a-tive
 []


Underfull \hbox (badness 10000) in paragraph at lines 258--258
[]\T1/qbk/m/n/10 Alternative
 []


Underfull \hbox (badness 10000) in paragraph at lines 258--258
\T1/qbk/m/n/10 ways of
 []


Underfull \hbox (badness 10000) in paragraph at lines 258--258
\T1/qbk/m/n/10 gen-er-at-ing
 []


Underfull \hbox (badness 10000) in paragraph at lines 258--258
\T1/qbk/m/n/10 rev-enue
 []


Underfull \hbox (badness 3679) in paragraph at lines 258--258
\T1/qbk/m/n/10 if laws on
 []


Underfull \hbox (badness 10000) in paragraph at lines 258--258
\T1/qbk/m/n/10 gath-er-ing
 []


Underfull \hbox (badness 10000) in paragraph at lines 258--258
\T1/qbk/m/n/10 user data
 []


Underfull \hbox (badness 10000) in paragraph at lines 258--259
[]\T1/qbk/m/n/10 Monitor
 []


Underfull \hbox (badness 10000) in paragraph at lines 258--259
\T1/qbk/m/n/10 news in
 []


Underfull \hbox (badness 10000) in paragraph at lines 258--259
\T1/qbk/m/n/10 rel-e-vant
 []


Overfull \hbox (96.88577pt too wide) in paragraph at lines 250--261
 [] 
 []



[11]

[12] (main.aux)
 ***********
LaTeX2e <2024-11-01>
L3 programming layer <2024-11-02>
 ***********
 ) 
Here is how much of TeX's memory you used:
 3639 strings out of 473681
 63830 string characters out of 5719195
 456308 words of memory out of 5000000
 26724 multiletter control sequences out of 15000+600000
 585211 words of font info for 47 fonts, out of 8000000 for 9000
 1141 hyphenation exceptions out of 8191
 67i,8n,77p,751b,484s stack positions out of 10000i,1000n,20000p,200000b,200000s
<C:/Users/nilsr/AppData/Local/Programs/MiKTeX/fonts/type1/public/tex-gyre/qbkb.pfb><C:/Users/nilsr/AppData/Local/Programs/MiKTeX/fonts/type1/public/tex-gyre/qbkr.pfb><C:/Users/nilsr/AppData/Local/Programs/MiKTeX/fonts/type1/urw/helvetic/uhvr8a.pfb>
Output written on main.pdf (13 pages, 1488575 bytes).
PDF statistics:
 72 PDF objects out of 1000 (max. 8388607)
 0 named destinations out of 1000 (max. 500000)
 26 words of extra memory for PDF output out of 10000 (max. 10000000)

